{"/Users/sivemwanda/Work/React/flex-assessment/src/common/stores/ui/index.ts": {"path":"/Users/sivemwanda/Work/React/flex-assessment/src/common/stores/ui/index.ts","statementMap":{"0":{"start":{"line":1,"column":0},"end":{"line":1,"column":33}},"1":{"start":{"line":2,"column":0},"end":{"line":2,"column":46}},"2":{"start":{"line":4,"column":0},"end":{"line":4,"column":55}},"3":{"start":{"line":6,"column":26},"end":{"line":16,"column":2}},"4":{"start":{"line":22,"column":2},"end":{"line":27,"column":4}},"5":{"start":{"line":30,"column":13},"end":{"line":70,"column":2}},"6":{"start":{"line":32,"column":14},"end":{"line":65,"column":6}},"7":{"start":{"line":39,"column":8},"end":{"line":48,"column":9}},"8":{"start":{"line":40,"column":10},"end":{"line":46,"column":13}},"9":{"start":{"line":47,"column":10},"end":{"line":47,"column":17}},"10":{"start":{"line":51,"column":8},"end":{"line":57,"column":11}},"11":{"start":{"line":61,"column":8},"end":{"line":63,"column":11}},"12":{"start":{"line":72,"column":0},"end":{"line":72,"column":26}}},"fnMap":{"0":{"name":"isAdvancedConfig","decl":{"start":{"line":19,"column":9},"end":{"line":19,"column":25}},"loc":{"start":{"line":20,"column":42},"end":{"line":28,"column":1}}},"1":{"name":"(anonymous_1)","decl":{"start":{"line":32,"column":4},"end":{"line":32,"column":5}},"loc":{"start":{"line":32,"column":14},"end":{"line":65,"column":6}}},"2":{"name":"(anonymous_2)","decl":{"start":{"line":37,"column":17},"end":{"line":37,"column":18}},"loc":{"start":{"line":37,"column":28},"end":{"line":58,"column":7}}},"3":{"name":"(anonymous_3)","decl":{"start":{"line":60,"column":17},"end":{"line":60,"column":20}},"loc":{"start":{"line":60,"column":22},"end":{"line":64,"column":7}}}},"branchMap":{"0":{"loc":{"start":{"line":23,"column":4},"end":{"line":26,"column":24}},"type":"binary-expr","locations":[{"start":{"line":23,"column":4},"end":{"line":23,"column":19}},{"start":{"line":24,"column":4},"end":{"line":24,"column":30}},{"start":{"line":25,"column":4},"end":{"line":25,"column":27}},{"start":{"line":26,"column":4},"end":{"line":26,"column":24}}]},"1":{"loc":{"start":{"line":39,"column":8},"end":{"line":48,"column":9}},"type":"if","locations":[{"start":{"line":39,"column":8},"end":{"line":48,"column":9}},{"start":{},"end":{}}]}},"s":{"0":1,"1":1,"2":1,"3":1,"4":8,"5":1,"6":1,"7":8,"8":3,"9":3,"10":5,"11":11,"12":1},"f":{"0":8,"1":1,"2":8,"3":11},"b":{"0":[8,8,6,5],"1":[3,5]}}
,"/Users/sivemwanda/Work/React/flex-assessment/src/features/listings/hooks/useListings/index.tsx": {"path":"/Users/sivemwanda/Work/React/flex-assessment/src/features/listings/hooks/useListings/index.tsx","statementMap":{"0":{"start":{"line":12,"column":0},"end":{"line":12,"column":16}},"1":{"start":{"line":1,"column":0},"end":{"line":1,"column":58}},"2":{"start":{"line":2,"column":0},"end":{"line":2,"column":49}},"3":{"start":{"line":9,"column":0},"end":{"line":9,"column":47}},"4":{"start":{"line":10,"column":0},"end":{"line":10,"column":47}},"5":{"start":{"line":13,"column":24},"end":{"line":13,"column":58}},"6":{"start":{"line":14,"column":19},"end":{"line":14,"column":32}},"7":{"start":{"line":15,"column":20},"end":{"line":15,"column":51}},"8":{"start":{"line":16,"column":20},"end":{"line":16,"column":51}},"9":{"start":{"line":18,"column":23},"end":{"line":21,"column":3}},"10":{"start":{"line":19,"column":4},"end":{"line":19,"column":16}},"11":{"start":{"line":20,"column":4},"end":{"line":20,"column":18}},"12":{"start":{"line":23,"column":25},"end":{"line":36,"column":3}},"13":{"start":{"line":24,"column":4},"end":{"line":35,"column":7}},"14":{"start":{"line":38,"column":46},"end":{"line":96,"column":4}},"15":{"start":{"line":40,"column":24},"end":{"line":92,"column":null}},"16":{"start":{"line":41,"column":6},"end":{"line":43,"column":7}},"17":{"start":{"line":42,"column":8},"end":{"line":42,"column":50}},"18":{"start":{"line":45,"column":36},"end":{"line":46,"column":null}},"19":{"start":{"line":49,"column":6},"end":{"line":60,"column":7}},"20":{"start":{"line":51,"column":27},"end":{"line":51,"column":52}},"21":{"start":{"line":52,"column":8},"end":{"line":56,"column":9}},"22":{"start":{"line":53,"column":10},"end":{"line":53,"column":62}},"23":{"start":{"line":54,"column":15},"end":{"line":56,"column":9}},"24":{"start":{"line":55,"column":10},"end":{"line":55,"column":31}},"25":{"start":{"line":58,"column":8},"end":{"line":58,"column":37}},"26":{"start":{"line":59,"column":8},"end":{"line":59,"column":38}},"27":{"start":{"line":62,"column":6},"end":{"line":66,"column":7}},"28":{"start":{"line":63,"column":29},"end":{"line":63,"column":54}},"29":{"start":{"line":64,"column":8},"end":{"line":64,"column":37}},"30":{"start":{"line":65,"column":8},"end":{"line":65,"column":38}},"31":{"start":{"line":68,"column":6},"end":{"line":72,"column":7}},"32":{"start":{"line":69,"column":29},"end":{"line":69,"column":69}},"33":{"start":{"line":70,"column":8},"end":{"line":70,"column":37}},"34":{"start":{"line":71,"column":8},"end":{"line":71,"column":38}},"35":{"start":{"line":74,"column":23},"end":{"line":74,"column":65}},"36":{"start":{"line":76,"column":6},"end":{"line":83,"column":7}},"37":{"start":{"line":77,"column":30},"end":{"line":77,"column":70}},"38":{"start":{"line":79,"column":10},"end":{"line":79,"column":76}},"39":{"start":{"line":81,"column":8},"end":{"line":81,"column":37}},"40":{"start":{"line":82,"column":8},"end":{"line":82,"column":38}},"41":{"start":{"line":85,"column":6},"end":{"line":89,"column":7}},"42":{"start":{"line":86,"column":29},"end":{"line":86,"column":69}},"43":{"start":{"line":87,"column":8},"end":{"line":87,"column":37}},"44":{"start":{"line":88,"column":8},"end":{"line":88,"column":38}},"45":{"start":{"line":91,"column":6},"end":{"line":91,"column":29}},"46":{"start":{"line":98,"column":2},"end":{"line":103,"column":4}},"47":{"start":{"line":106,"column":0},"end":{"line":106,"column":27}}},"fnMap":{"0":{"name":"useListings","decl":{"start":{"line":12,"column":16},"end":{"line":12,"column":27}},"loc":{"start":{"line":12,"column":27},"end":{"line":104,"column":1}}},"1":{"name":"(anonymous_8)","decl":{"start":{"line":18,"column":23},"end":{"line":18,"column":32}},"loc":{"start":{"line":18,"column":34},"end":{"line":21,"column":3}}},"2":{"name":"(anonymous_9)","decl":{"start":{"line":23,"column":25},"end":{"line":23,"column":26}},"loc":{"start":{"line":23,"column":56},"end":{"line":36,"column":3}}},"3":{"name":"(anonymous_10)","decl":{"start":{"line":40,"column":13},"end":{"line":40,"column":22}},"loc":{"start":{"line":40,"column":24},"end":{"line":92,"column":null}}},"4":{"name":"(anonymous_11)","decl":{"start":{"line":40,"column":24},"end":{"line":40,"column":null}},"loc":{"start":{"line":40,"column":24},"end":{"line":92,"column":5}}}},"branchMap":{"0":{"loc":{"start":{"line":41,"column":6},"end":{"line":43,"column":7}},"type":"if","locations":[{"start":{"line":41,"column":6},"end":{"line":43,"column":7}},{"start":{},"end":{}}]},"1":{"loc":{"start":{"line":49,"column":6},"end":{"line":60,"column":7}},"type":"if","locations":[{"start":{"line":49,"column":6},"end":{"line":60,"column":7}},{"start":{},"end":{}}]},"2":{"loc":{"start":{"line":52,"column":8},"end":{"line":56,"column":9}},"type":"if","locations":[{"start":{"line":52,"column":8},"end":{"line":56,"column":9}},{"start":{"line":54,"column":15},"end":{"line":56,"column":9}}]},"3":{"loc":{"start":{"line":52,"column":12},"end":{"line":52,"column":77}},"type":"binary-expr","locations":[{"start":{"line":52,"column":12},"end":{"line":52,"column":37}},{"start":{"line":52,"column":41},"end":{"line":52,"column":55}},{"start":{"line":52,"column":59},"end":{"line":52,"column":77}}]},"4":{"loc":{"start":{"line":54,"column":15},"end":{"line":56,"column":9}},"type":"if","locations":[{"start":{"line":54,"column":15},"end":{"line":56,"column":9}},{"start":{},"end":{}}]},"5":{"loc":{"start":{"line":62,"column":6},"end":{"line":66,"column":7}},"type":"if","locations":[{"start":{"line":62,"column":6},"end":{"line":66,"column":7}},{"start":{},"end":{}}]},"6":{"loc":{"start":{"line":68,"column":6},"end":{"line":72,"column":7}},"type":"if","locations":[{"start":{"line":68,"column":6},"end":{"line":72,"column":7}},{"start":{},"end":{}}]},"7":{"loc":{"start":{"line":76,"column":6},"end":{"line":83,"column":7}},"type":"if","locations":[{"start":{"line":76,"column":6},"end":{"line":83,"column":7}},{"start":{},"end":{}}]},"8":{"loc":{"start":{"line":79,"column":10},"end":{"line":79,"column":76}},"type":"binary-expr","locations":[{"start":{"line":79,"column":10},"end":{"line":79,"column":32}},{"start":{"line":79,"column":36},"end":{"line":79,"column":76}}]},"9":{"loc":{"start":{"line":79,"column":10},"end":{"line":79,"column":32}},"type":"cond-expr","locations":[{"start":{"line":79,"column":23},"end":{"line":79,"column":25}},{"start":{"line":79,"column":10},"end":{"line":79,"column":32}}]},"10":{"loc":{"start":{"line":79,"column":10},"end":{"line":79,"column":25}},"type":"binary-expr","locations":[{"start":{"line":79,"column":10},"end":{"line":79,"column":25}},{"start":{"line":79,"column":10},"end":{"line":79,"column":25}}]},"11":{"loc":{"start":{"line":85,"column":6},"end":{"line":89,"column":7}},"type":"if","locations":[{"start":{"line":85,"column":6},"end":{"line":89,"column":7}},{"start":{},"end":{}}]},"12":{"loc":{"start":{"line":102,"column":10},"end":{"line":102,"column":22}},"type":"cond-expr","locations":[{"start":{"line":102,"column":10},"end":{"line":102,"column":14}},{"start":{"line":102,"column":18},"end":{"line":102,"column":22}}]},"13":{"loc":{"start":{"line":102,"column":10},"end":{"line":102,"column":18}},"type":"binary-expr","locations":[{"start":{"line":102,"column":10},"end":{"line":102,"column":18}},{"start":{"line":102,"column":10},"end":{"line":102,"column":18}}]}},"s":{"0":1,"1":1,"2":1,"3":1,"4":1,"5":23,"6":23,"7":23,"8":23,"9":23,"10":0,"11":0,"12":23,"13":1,"14":23,"15":11,"16":11,"17":0,"18":11,"19":10,"20":1,"21":1,"22":0,"23":1,"24":1,"25":1,"26":1,"27":9,"28":0,"29":0,"30":0,"31":9,"32":0,"33":0,"34":0,"35":9,"36":9,"37":0,"38":0,"39":0,"40":0,"41":9,"42":0,"43":0,"44":0,"45":9,"46":23,"47":1},"f":{"0":23,"1":0,"2":1,"3":11,"4":11},"b":{"0":[0,11],"1":[1,9],"2":[0,1],"3":[1,0,0],"4":[1,0],"5":[0,9],"6":[0,9],"7":[0,9],"8":[0,0],"9":[0,0],"10":[0,0],"11":[0,9],"12":[7,16],"13":[23,23]}}
,"/Users/sivemwanda/Work/React/flex-assessment/src/features/ratings/store/index.ts": {"path":"/Users/sivemwanda/Work/React/flex-assessment/src/features/ratings/store/index.ts","statementMap":{"0":{"start":{"line":1,"column":0},"end":{"line":1,"column":33}},"1":{"start":{"line":2,"column":0},"end":{"line":2,"column":55}},"2":{"start":{"line":5,"column":0},"end":{"line":5,"column":46}},"3":{"start":{"line":7,"column":13},"end":{"line":169,"column":2}},"4":{"start":{"line":10,"column":21},"end":{"line":137,"column":8}},"5":{"start":{"line":20,"column":57},"end":{"line":20,"column":62}},"6":{"start":{"line":21,"column":27},"end":{"line":25,"column":null}},"7":{"start":{"line":27,"column":10},"end":{"line":30,"column":13}},"8":{"start":{"line":34,"column":44},"end":{"line":34,"column":49}},"9":{"start":{"line":35,"column":27},"end":{"line":39,"column":null}},"10":{"start":{"line":41,"column":10},"end":{"line":45,"column":13}},"11":{"start":{"line":49,"column":55},"end":{"line":49,"column":60}},"12":{"start":{"line":50,"column":27},"end":{"line":50,"column":63}},"13":{"start":{"line":51,"column":27},"end":{"line":55,"column":null}},"14":{"start":{"line":57,"column":10},"end":{"line":61,"column":13}},"15":{"start":{"line":65,"column":44},"end":{"line":65,"column":49}},"16":{"start":{"line":66,"column":27},"end":{"line":70,"column":null}},"17":{"start":{"line":72,"column":10},"end":{"line":76,"column":13}},"18":{"start":{"line":80,"column":44},"end":{"line":80,"column":49}},"19":{"start":{"line":81,"column":27},"end":{"line":85,"column":null}},"20":{"start":{"line":87,"column":10},"end":{"line":91,"column":13}},"21":{"start":{"line":95,"column":52},"end":{"line":95,"column":57}},"22":{"start":{"line":96,"column":27},"end":{"line":100,"column":null}},"23":{"start":{"line":102,"column":10},"end":{"line":105,"column":13}},"24":{"start":{"line":109,"column":66},"end":{"line":109,"column":71}},"25":{"start":{"line":111,"column":33},"end":{"line":112,"column":null}},"26":{"start":{"line":112,"column":12},"end":{"line":112,"column":67}},"27":{"start":{"line":115,"column":27},"end":{"line":119,"column":null}},"28":{"start":{"line":121,"column":10},"end":{"line":124,"column":13}},"29":{"start":{"line":128,"column":30},"end":{"line":128,"column":35}},"30":{"start":{"line":129,"column":27},"end":{"line":129,"column":75}},"31":{"start":{"line":130,"column":10},"end":{"line":135,"column":13}},"32":{"start":{"line":141,"column":32},"end":{"line":143,"column":10}},"33":{"start":{"line":145,"column":28},"end":{"line":145,"column":67}},"34":{"start":{"line":147,"column":22},"end":{"line":149,"column":null}},"35":{"start":{"line":152,"column":10},"end":{"line":159,"column":11}},"36":{"start":{"line":153,"column":12},"end":{"line":158,"column":14}},"37":{"start":{"line":161,"column":10},"end":{"line":161,"column":24}},"38":{"start":{"line":171,"column":0},"end":{"line":171,"column":30}}},"fnMap":{"0":{"name":"(anonymous_0)","decl":{"start":{"line":10,"column":6},"end":{"line":10,"column":7}},"loc":{"start":{"line":10,"column":21},"end":{"line":137,"column":8}}},"1":{"name":"(anonymous_1)","decl":{"start":{"line":19,"column":20},"end":{"line":19,"column":21}},"loc":{"start":{"line":19,"column":43},"end":{"line":31,"column":9}}},"2":{"name":"(anonymous_2)","decl":{"start":{"line":33,"column":22},"end":{"line":33,"column":23}},"loc":{"start":{"line":33,"column":44},"end":{"line":46,"column":9}}},"3":{"name":"(anonymous_3)","decl":{"start":{"line":48,"column":22},"end":{"line":48,"column":25}},"loc":{"start":{"line":48,"column":27},"end":{"line":62,"column":9}}},"4":{"name":"(anonymous_4)","decl":{"start":{"line":64,"column":27},"end":{"line":64,"column":28}},"loc":{"start":{"line":64,"column":49},"end":{"line":77,"column":9}}},"5":{"name":"(anonymous_5)","decl":{"start":{"line":79,"column":29},"end":{"line":79,"column":30}},"loc":{"start":{"line":79,"column":51},"end":{"line":92,"column":9}}},"6":{"name":"(anonymous_6)","decl":{"start":{"line":94,"column":24},"end":{"line":94,"column":25}},"loc":{"start":{"line":94,"column":50},"end":{"line":106,"column":9}}},"7":{"name":"(anonymous_7)","decl":{"start":{"line":108,"column":28},"end":{"line":108,"column":29}},"loc":{"start":{"line":108,"column":65},"end":{"line":125,"column":9}}},"8":{"name":"(anonymous_8)","decl":{"start":{"line":111,"column":45},"end":{"line":111,"column":46}},"loc":{"start":{"line":112,"column":12},"end":{"line":112,"column":67}}},"9":{"name":"(anonymous_9)","decl":{"start":{"line":127,"column":22},"end":{"line":127,"column":25}},"loc":{"start":{"line":127,"column":27},"end":{"line":136,"column":9}}},"10":{"name":"(anonymous_10)","decl":{"start":{"line":141,"column":20},"end":{"line":141,"column":21}},"loc":{"start":{"line":141,"column":32},"end":{"line":143,"column":10}}},"11":{"name":"(anonymous_11)","decl":{"start":{"line":144,"column":15},"end":{"line":144,"column":16}},"loc":{"start":{"line":144,"column":48},"end":{"line":162,"column":9}}}},"branchMap":{"0":{"loc":{"start":{"line":50,"column":27},"end":{"line":50,"column":63}},"type":"cond-expr","locations":[{"start":{"line":50,"column":49},"end":{"line":50,"column":55}},{"start":{"line":50,"column":58},"end":{"line":50,"column":63}}]},"1":{"loc":{"start":{"line":112,"column":12},"end":{"line":112,"column":67}},"type":"cond-expr","locations":[{"start":{"line":112,"column":36},"end":{"line":112,"column":59}},{"start":{"line":112,"column":61},"end":{"line":112,"column":67}}]},"2":{"loc":{"start":{"line":149,"column":21},"end":{"line":149,"column":44}},"type":"binary-expr","locations":[{"start":{"line":149,"column":21},"end":{"line":149,"column":38}},{"start":{"line":149,"column":42},"end":{"line":149,"column":44}}]},"3":{"loc":{"start":{"line":152,"column":10},"end":{"line":159,"column":11}},"type":"if","locations":[{"start":{"line":152,"column":10},"end":{"line":159,"column":11}},{"start":{},"end":{}}]}},"s":{"0":1,"1":1,"2":1,"3":1,"4":1,"5":39,"6":39,"7":39,"8":6,"9":6,"10":6,"11":3,"12":3,"13":3,"14":3,"15":2,"16":2,"17":2,"18":2,"19":2,"20":2,"21":9,"22":9,"23":9,"24":3,"25":3,"26":12,"27":3,"28":3,"29":21,"30":21,"31":21,"32":85,"33":1,"34":1,"35":0,"36":0,"37":0,"38":1},"f":{"0":1,"1":39,"2":6,"3":3,"4":2,"5":2,"6":9,"7":3,"8":12,"9":21,"10":85,"11":1},"b":{"0":[2,1],"1":[3,9],"2":[1,0],"3":[0,0]}}
,"/Users/sivemwanda/Work/React/flex-assessment/src/features/ratings/store/utils.ts": {"path":"/Users/sivemwanda/Work/React/flex-assessment/src/features/ratings/store/utils.ts","statementMap":{"0":{"start":{"line":4,"column":35},"end":{"line":67,"column":1}},"1":{"start":{"line":10,"column":15},"end":{"line":10,"column":27}},"2":{"start":{"line":13,"column":2},"end":{"line":15,"column":3}},"3":{"start":{"line":14,"column":4},"end":{"line":14,"column":71}},"4":{"start":{"line":14,"column":39},"end":{"line":14,"column":69}},"5":{"start":{"line":18,"column":2},"end":{"line":64,"column":3}},"6":{"start":{"line":19,"column":4},"end":{"line":63,"column":7}},"7":{"start":{"line":20,"column":23},"end":{"line":20,"column":24}},"8":{"start":{"line":22,"column":6},"end":{"line":60,"column":7}},"9":{"start":{"line":25,"column":10},"end":{"line":28,"column":11}},"10":{"start":{"line":26,"column":12},"end":{"line":26,"column":27}},"11":{"start":{"line":27,"column":12},"end":{"line":27,"column":18}},"12":{"start":{"line":30,"column":10},"end":{"line":32,"column":11}},"13":{"start":{"line":31,"column":12},"end":{"line":31,"column":21}},"14":{"start":{"line":34,"column":10},"end":{"line":36,"column":11}},"15":{"start":{"line":35,"column":12},"end":{"line":35,"column":22}},"16":{"start":{"line":38,"column":10},"end":{"line":38,"column":43}},"17":{"start":{"line":39,"column":10},"end":{"line":39,"column":16}},"18":{"start":{"line":43,"column":10},"end":{"line":43,"column":56}},"19":{"start":{"line":44,"column":10},"end":{"line":44,"column":16}},"20":{"start":{"line":47,"column":10},"end":{"line":49,"column":46}},"21":{"start":{"line":50,"column":10},"end":{"line":50,"column":16}},"22":{"start":{"line":53,"column":10},"end":{"line":55,"column":48}},"23":{"start":{"line":56,"column":10},"end":{"line":56,"column":16}},"24":{"start":{"line":59,"column":10},"end":{"line":59,"column":25}},"25":{"start":{"line":62,"column":6},"end":{"line":62,"column":61}},"26":{"start":{"line":66,"column":2},"end":{"line":66,"column":16}},"27":{"start":{"line":4,"column":13},"end":{"line":4,"column":35}}},"fnMap":{"0":{"name":"(anonymous_0)","decl":{"start":{"line":4,"column":35},"end":{"line":4,"column":null}},"loc":{"start":{"line":9,"column":15},"end":{"line":67,"column":1}}},"1":{"name":"(anonymous_1)","decl":{"start":{"line":14,"column":27},"end":{"line":14,"column":28}},"loc":{"start":{"line":14,"column":39},"end":{"line":14,"column":69}}},"2":{"name":"(anonymous_2)","decl":{"start":{"line":19,"column":16},"end":{"line":19,"column":17}},"loc":{"start":{"line":19,"column":25},"end":{"line":63,"column":5}}}},"branchMap":{"0":{"loc":{"start":{"line":13,"column":2},"end":{"line":15,"column":3}},"type":"if","locations":[{"start":{"line":13,"column":2},"end":{"line":15,"column":3}},{"start":{},"end":{}}]},"1":{"loc":{"start":{"line":18,"column":2},"end":{"line":64,"column":3}},"type":"if","locations":[{"start":{"line":18,"column":2},"end":{"line":64,"column":3}},{"start":{},"end":{}}]},"2":{"loc":{"start":{"line":22,"column":6},"end":{"line":60,"column":7}},"type":"switch","locations":[{"start":{"line":23,"column":8},"end":{"line":39,"column":16}},{"start":{"line":41,"column":8},"end":{"line":44,"column":16}},{"start":{"line":46,"column":8},"end":{"line":50,"column":16}},{"start":{"line":52,"column":8},"end":{"line":56,"column":16}},{"start":{"line":58,"column":8},"end":{"line":59,"column":25}}]},"3":{"loc":{"start":{"line":25,"column":10},"end":{"line":28,"column":11}},"type":"if","locations":[{"start":{"line":25,"column":10},"end":{"line":28,"column":11}},{"start":{},"end":{}}]},"4":{"loc":{"start":{"line":25,"column":14},"end":{"line":25,"column":52}},"type":"binary-expr","locations":[{"start":{"line":25,"column":14},"end":{"line":25,"column":31}},{"start":{"line":25,"column":35},"end":{"line":25,"column":52}}]},"5":{"loc":{"start":{"line":30,"column":10},"end":{"line":32,"column":11}},"type":"if","locations":[{"start":{"line":30,"column":10},"end":{"line":32,"column":11}},{"start":{},"end":{}}]},"6":{"loc":{"start":{"line":34,"column":10},"end":{"line":36,"column":11}},"type":"if","locations":[{"start":{"line":34,"column":10},"end":{"line":36,"column":11}},{"start":{},"end":{}}]},"7":{"loc":{"start":{"line":62,"column":13},"end":{"line":62,"column":60}},"type":"cond-expr","locations":[{"start":{"line":62,"column":36},"end":{"line":62,"column":47}},{"start":{"line":62,"column":50},"end":{"line":62,"column":60}}]}},"s":{"0":1,"1":85,"2":85,"3":12,"4":48,"5":85,"6":16,"7":65,"8":65,"9":26,"10":0,"11":0,"12":26,"13":0,"14":26,"15":10,"16":16,"17":16,"18":15,"19":15,"20":12,"21":12,"22":12,"23":12,"24":0,"25":55,"26":85,"27":1},"f":{"0":85,"1":48,"2":65},"b":{"0":[12,73],"1":[16,69],"2":[26,15,12,12,0],"3":[0,26],"4":[26,0],"5":[0,26],"6":[10,16],"7":[33,22]}}
}
