TN:
SF:src/common/stores/ui/index.ts
FN:19,isAdvancedConfig
FN:32,(anonymous_1)
FN:37,(anonymous_2)
FN:60,(anonymous_3)
FNF:4
FNH:4
FNDA:8,isAdvancedConfig
FNDA:1,(anonymous_1)
FNDA:8,(anonymous_2)
FNDA:11,(anonymous_3)
DA:1,1
DA:2,1
DA:4,1
DA:6,1
DA:22,8
DA:30,1
DA:32,1
DA:39,8
DA:40,3
DA:47,3
DA:51,5
DA:61,11
DA:72,1
LF:13
LH:13
BRDA:23,0,0,8
BRDA:23,0,1,8
BRDA:23,0,2,6
BRDA:23,0,3,5
BRDA:39,1,0,3
BRDA:39,1,1,5
BRF:6
BRH:6
end_of_record
TN:
SF:src/features/listings/hooks/useListings/index.tsx
FN:12,useListings
FN:18,(anonymous_8)
FN:23,(anonymous_9)
FN:40,(anonymous_10)
FN:40,(anonymous_11)
FNF:5
FNH:4
FNDA:23,useListings
FNDA:0,(anonymous_8)
FNDA:1,(anonymous_9)
FNDA:11,(anonymous_10)
FNDA:11,(anonymous_11)
DA:1,1
DA:2,1
DA:9,1
DA:10,1
DA:12,1
DA:13,23
DA:14,23
DA:15,23
DA:16,23
DA:18,23
DA:19,0
DA:20,0
DA:23,23
DA:24,1
DA:38,23
DA:40,11
DA:41,11
DA:42,0
DA:45,11
DA:49,10
DA:51,1
DA:52,1
DA:53,0
DA:54,1
DA:55,1
DA:58,1
DA:59,1
DA:62,9
DA:63,0
DA:64,0
DA:65,0
DA:68,9
DA:69,0
DA:70,0
DA:71,0
DA:74,9
DA:76,9
DA:77,0
DA:79,0
DA:81,0
DA:82,0
DA:85,9
DA:86,0
DA:87,0
DA:88,0
DA:91,9
DA:98,23
DA:106,1
LF:48
LH:31
BRDA:41,0,0,0
BRDA:41,0,1,11
BRDA:49,1,0,1
BRDA:49,1,1,9
BRDA:52,2,0,0
BRDA:52,2,1,1
BRDA:52,3,0,1
BRDA:52,3,1,0
BRDA:52,3,2,0
BRDA:54,4,0,1
BRDA:54,4,1,0
BRDA:62,5,0,0
BRDA:62,5,1,9
BRDA:68,6,0,0
BRDA:68,6,1,9
BRDA:76,7,0,0
BRDA:76,7,1,9
BRDA:79,8,0,0
BRDA:79,8,1,0
BRDA:79,9,0,0
BRDA:79,9,1,0
BRDA:79,10,0,0
BRDA:79,10,1,0
BRDA:85,11,0,0
BRDA:85,11,1,9
BRDA:102,12,0,7
BRDA:102,12,1,16
BRDA:102,13,0,23
BRDA:102,13,1,23
BRF:29
BRH:14
end_of_record
TN:
SF:src/features/ratings/store/index.ts
FN:10,(anonymous_0)
FN:19,(anonymous_1)
FN:33,(anonymous_2)
FN:48,(anonymous_3)
FN:64,(anonymous_4)
FN:79,(anonymous_5)
FN:94,(anonymous_6)
FN:108,(anonymous_7)
FN:111,(anonymous_8)
FN:127,(anonymous_9)
FN:141,(anonymous_10)
FN:144,(anonymous_11)
FNF:12
FNH:12
FNDA:1,(anonymous_0)
FNDA:39,(anonymous_1)
FNDA:6,(anonymous_2)
FNDA:3,(anonymous_3)
FNDA:2,(anonymous_4)
FNDA:2,(anonymous_5)
FNDA:9,(anonymous_6)
FNDA:3,(anonymous_7)
FNDA:12,(anonymous_8)
FNDA:21,(anonymous_9)
FNDA:85,(anonymous_10)
FNDA:1,(anonymous_11)
DA:1,1
DA:2,1
DA:5,1
DA:7,1
DA:10,1
DA:20,39
DA:21,39
DA:27,39
DA:34,6
DA:35,6
DA:41,6
DA:49,3
DA:50,3
DA:51,3
DA:57,3
DA:65,2
DA:66,2
DA:72,2
DA:80,2
DA:81,2
DA:87,2
DA:95,9
DA:96,9
DA:102,9
DA:109,3
DA:111,3
DA:112,12
DA:115,3
DA:121,3
DA:128,21
DA:129,21
DA:130,21
DA:141,85
DA:145,1
DA:147,1
DA:152,0
DA:153,0
DA:161,0
DA:171,1
LF:39
LH:36
BRDA:50,0,0,2
BRDA:50,0,1,1
BRDA:112,1,0,3
BRDA:112,1,1,9
BRDA:149,2,0,1
BRDA:149,2,1,0
BRDA:152,3,0,0
BRDA:152,3,1,0
BRF:8
BRH:5
end_of_record
TN:
SF:src/features/ratings/store/utils.ts
FN:4,(anonymous_0)
FN:14,(anonymous_1)
FN:19,(anonymous_2)
FNF:3
FNH:3
FNDA:85,(anonymous_0)
FNDA:48,(anonymous_1)
FNDA:65,(anonymous_2)
DA:4,1
DA:10,85
DA:13,85
DA:14,48
DA:18,85
DA:19,16
DA:20,65
DA:22,65
DA:25,26
DA:26,0
DA:27,0
DA:30,26
DA:31,0
DA:34,26
DA:35,10
DA:38,16
DA:39,16
DA:43,15
DA:44,15
DA:47,12
DA:50,12
DA:53,12
DA:56,12
DA:59,0
DA:62,55
DA:66,85
LF:26
LH:22
BRDA:13,0,0,12
BRDA:13,0,1,73
BRDA:18,1,0,16
BRDA:18,1,1,69
BRDA:22,2,0,26
BRDA:22,2,1,15
BRDA:22,2,2,12
BRDA:22,2,3,12
BRDA:22,2,4,0
BRDA:25,3,0,0
BRDA:25,3,1,26
BRDA:25,4,0,26
BRDA:25,4,1,0
BRDA:30,5,0,0
BRDA:30,5,1,26
BRDA:34,6,0,10
BRDA:34,6,1,16
BRDA:62,7,0,33
BRDA:62,7,1,22
BRF:19
BRH:15
end_of_record
